{
  "0 debug pnpm:scope": {
    "selected": 1
  },
  "1 error pnpm": {
    "code": "ELIFECYCLE",
    "errno": "ENOENT",
    "syscall": "spawn",
    "file": "sh",
    "pkgid": "@yusham/blangko@1.0.0",
    "stage": "dev",
    "script": "run-p dev:*",
    "pkgname": "@yusham/blangko",
    "err": {
      "name": "pnpm",
      "message": "@yusham/blangko@1.0.0 dev: `run-p dev:*`\nspawn ENOENT",
      "code": "ELIFECYCLE",
      "stack": "pnpm: @yusham/blangko@1.0.0 dev: `run-p dev:*`\nspawn ENOENT\n    at ChildProcess.<anonymous> (/ntfsd/.var/local-pnpm/global/5/.pnpm/pnpm@7.5.0/node_modules/pnpm/dist/pnpm.cjs:95169:22)\n    at ChildProcess.emit (node:events:527:28)\n    at maybeClose (node:internal/child_process:1090:16)\n    at ChildProcess._handle.onexit (node:internal/child_process:302:5)"
    }
  },
  "2 warn pnpm:global": " Local package.json exists, but node_modules missing, did you mean to install?"
}